0 info it worked if it ends with ok
1 verbose cli [ '/usr/local/Cellar/node/6.3.0/bin/node',
1 verbose cli   '/usr/local/bin/npm',
1 verbose cli   'run',
1 verbose cli   'start:server' ]
2 info using npm@3.10.3
3 info using node@v6.3.0
4 verbose run-script [ 'prestart:server', 'start:server', 'poststart:server' ]
5 info lifecycle resume-app@0.0.0~prestart:server: resume-app@0.0.0
6 silly lifecycle resume-app@0.0.0~prestart:server: no script for prestart:server, continuing
7 info lifecycle resume-app@0.0.0~start:server: resume-app@0.0.0
8 verbose lifecycle resume-app@0.0.0~start:server: unsafe-perm in lifecycle true
9 verbose lifecycle resume-app@0.0.0~start:server: PATH: /usr/local/lib/node_modules/npm/bin/node-gyp-bin:/Users/silvana/Desktop/resume-app/node_modules/.bin:/usr/local/Cellar/node/6.3.0/bin:/Users/silvana/.rvm/gems/ruby-2.2.3/bin:/Users/silvana/.rvm/gems/ruby-2.2.3@global/bin:/Users/silvana/.rvm/rubies/ruby-2.2.3/bin:/Applications/Postgres.app/Contents/Versions/latest/bin:/usr/local:/usr/local/bin:/usr/local/sbin:/usr/bin:/usr/local/bin:/usr/bin:/bin:/usr/sbin:/sbin:/usr/local/go/bin:/Users/silvana/.rvm/bin
10 verbose lifecycle resume-app@0.0.0~start:server: CWD: /Users/silvana/Desktop/resume-app
11 silly lifecycle resume-app@0.0.0~start:server: Args: [ '-c', 'node ./bin/www' ]
12 silly lifecycle resume-app@0.0.0~start:server: Returned: code: 1  signal: null
13 info lifecycle resume-app@0.0.0~start:server: Failed to exec start:server script
14 verbose stack Error: resume-app@0.0.0 start:server: `node ./bin/www`
14 verbose stack Exit status 1
14 verbose stack     at EventEmitter.<anonymous> (/usr/local/lib/node_modules/npm/lib/utils/lifecycle.js:242:16)
14 verbose stack     at emitTwo (events.js:106:13)
14 verbose stack     at EventEmitter.emit (events.js:191:7)
14 verbose stack     at ChildProcess.<anonymous> (/usr/local/lib/node_modules/npm/lib/utils/spawn.js:40:14)
14 verbose stack     at emitTwo (events.js:106:13)
14 verbose stack     at ChildProcess.emit (events.js:191:7)
14 verbose stack     at maybeClose (internal/child_process.js:852:16)
14 verbose stack     at Process.ChildProcess._handle.onexit (internal/child_process.js:215:5)
15 verbose pkgid resume-app@0.0.0
16 verbose cwd /Users/silvana/Desktop/resume-app
17 error Darwin 15.6.0
18 error argv "/usr/local/Cellar/node/6.3.0/bin/node" "/usr/local/bin/npm" "run" "start:server"
19 error node v6.3.0
20 error npm  v3.10.3
21 error code ELIFECYCLE
22 error resume-app@0.0.0 start:server: `node ./bin/www`
22 error Exit status 1
23 error Failed at the resume-app@0.0.0 start:server script 'node ./bin/www'.
23 error Make sure you have the latest version of node.js and npm installed.
23 error If you do, this is most likely a problem with the resume-app package,
23 error not with npm itself.
23 error Tell the author that this fails on your system:
23 error     node ./bin/www
23 error You can get information on how to open an issue for this project with:
23 error     npm bugs resume-app
23 error Or if that isn't available, you can get their info via:
23 error     npm owner ls resume-app
23 error There is likely additional logging output above.
24 verbose exit [ 1, true ]
